This is pdfTeX, Version 3.14159265-2.6-1.40.18 (MiKTeX 2.9.6350 64-bit) (preloaded format=pdflatex 2017.11.8)  10 MAR 2018 12:43
entering extended mode
**./main.tex
(main.tex
LaTeX2e <2017-04-15>
Babel <3.10> and hyphenation patterns for 75 language(s) loaded.
("C:\Program Files\MiKTeX 2.9\tex\latex\base\article.cls"
Document Class: article 2014/09/29 v1.4h Standard LaTeX document class
("C:\Program Files\MiKTeX 2.9\tex\latex\base\size10.clo"
File: size10.clo 2014/09/29 v1.4h Standard LaTeX file (size option)
)
\c@part=\count79
\c@section=\count80
\c@subsection=\count81
\c@subsubsection=\count82
\c@paragraph=\count83
\c@subparagraph=\count84
\c@figure=\count85
\c@table=\count86
\abovecaptionskip=\skip41
\belowcaptionskip=\skip42
\bibindent=\dimen102
)
("C:\Program Files\MiKTeX 2.9\tex\latex\algorithm2e\algorithm2e.sty"
Package: algorithm2e 2017/07/18 v5.2 algorithms environments
\c@AlgoLine=\count87

("C:\Program Files\MiKTeX 2.9\tex\latex\base\ifthen.sty"
Package: ifthen 2014/09/29 v1.1c Standard LaTeX ifthen package (DPC)
)
\algocf@hangindent=\skip43

("C:\Program Files\MiKTeX 2.9\tex\latex\ifoddpage\ifoddpage.sty"
Package: ifoddpage 2016/04/23 v1.1 Conditionals for odd/even page detection
\c@checkoddpage=\count88
)
("C:\Program Files\MiKTeX 2.9\tex\latex\tools\xspace.sty"
Package: xspace 2014/10/28 v1.13 Space after command names (DPC,MH)
)
("C:\Program Files\MiKTeX 2.9\tex\latex\ltxmisc\relsize.sty"
Package: relsize 2003/07/04 ver 3.1
)
("C:\Program Files\MiKTeX 2.9\tex\latex\graphics\color.sty"
Package: color 2016/07/10 v1.1e Standard LaTeX Color (DPC)

("C:\Program Files\MiKTeX 2.9\tex\latex\graphics-cfg\color.cfg"
File: color.cfg 2016/01/02 v1.6 sample color configuration
)
Package color Info: Driver file: pdftex.def on input line 147.

("C:\Program Files\MiKTeX 2.9\tex\latex\graphics-def\pdftex.def"
File: pdftex.def 2017/01/12 v0.06k Graphics/color for pdfTeX

("C:\Program Files\MiKTeX 2.9\tex\generic\oberdiek\infwarerr.sty"
Package: infwarerr 2016/05/16 v1.4 Providing info/warning/error messages (HO)
)
("C:\Program Files\MiKTeX 2.9\tex\generic\oberdiek\ltxcmds.sty"
Package: ltxcmds 2016/05/16 v1.23 LaTeX kernel commands for general use (HO)
)
\Gread@gobject=\count89
))
\skiptotal=\skip44
\skiplinenumber=\skip45
\skiprule=\skip46
\skiphlne=\skip47
\skiptext=\skip48
\skiplength=\skip49
\algomargin=\skip50
\skipalgocfslide=\skip51
\algowidth=\dimen103
\inoutsize=\dimen104
\inoutindent=\dimen105
\interspacetitleruled=\dimen106
\interspacealgoruled=\dimen107
\interspacetitleboxruled=\dimen108
\algocf@ruledwidth=\skip52
\algocf@inoutbox=\box26
\algocf@inputbox=\box27
\AlCapSkip=\skip53
\AlCapHSkip=\skip54
\algoskipindent=\skip55
\algocf@nlbox=\box28
\algocf@hangingbox=\box29
\algocf@untilbox=\box30
\algocf@skipuntil=\skip56
\algocf@capbox=\box31
\algocf@lcaptionbox=\skip57
\algoheightruledefault=\skip58
\algoheightrule=\skip59
\algotitleheightruledefault=\skip60
\algotitleheightrule=\skip61
\c@algocfline=\count90
\c@algocfproc=\count91
\c@algocf=\count92
\algocf@algoframe=\box32
\algocf@algobox=\box33
) (wscg.sty
("C:\Program Files\MiKTeX 2.9\tex\latex\base\inputenc.sty"
Package: inputenc 2015/03/17 v1.2c Input encoding file
\inpenc@prehook=\toks14
\inpenc@posthook=\toks15

("C:\Program Files\MiKTeX 2.9\tex\latex\base\latin1.def"
File: latin1.def 2015/03/17 v1.2c Input encoding file
))
("C:\Program Files\MiKTeX 2.9\tex\latex\base\fontenc.sty"
Package: fontenc 2017/04/05 v2.0i Standard LaTeX package

("C:\Program Files\MiKTeX 2.9\tex\latex\base\t1enc.def"
File: t1enc.def 2017/04/05 v2.0i Standard LaTeX file
LaTeX Font Info:    Redeclaring font encoding T1 on input line 48.
))
("C:\Program Files\MiKTeX 2.9\tex\generic\oberdiek\ifpdf.sty"
Package: ifpdf 2017/03/15 v3.2 Provides the ifpdf switch
)
("C:\Program Files\MiKTeX 2.9\tex\latex\geometry\geometry.sty"
Package: geometry 2010/09/12 v5.6 Page Geometry

("C:\Program Files\MiKTeX 2.9\tex\latex\graphics\keyval.sty"
Package: keyval 2014/10/28 v1.15 key=value parser (DPC)
\KV@toks@=\toks16
)
("C:\Program Files\MiKTeX 2.9\tex\generic\oberdiek\ifvtex.sty"
Package: ifvtex 2016/05/16 v1.6 Detect VTeX and its facilities (HO)
Package ifvtex Info: VTeX not detected.
)
("C:\Program Files\MiKTeX 2.9\tex\generic\ifxetex\ifxetex.sty"
Package: ifxetex 2010/09/12 v0.6 Provides ifxetex conditional
)
\Gm@cnth=\count93
\Gm@cntv=\count94
\c@Gm@tempcnt=\count95
\Gm@bindingoffset=\dimen109
\Gm@wd@mp=\dimen110
\Gm@odd@mp=\dimen111
\Gm@even@mp=\dimen112
\Gm@layoutwidth=\dimen113
\Gm@layoutheight=\dimen114
\Gm@layouthoffset=\dimen115
\Gm@layoutvoffset=\dimen116
\Gm@dimlist=\toks17

("C:\Program Files\MiKTeX 2.9\tex\latex\geometry\geometry.cfg"))
("C:\Program Files\MiKTeX 2.9\tex\latex\psnfss\mathptmx.sty"
Package: mathptmx 2005/04/12 PSNFSS-v9.2a Times w/ Math, improved (SPQR, WaS) 
LaTeX Font Info:    Redeclaring symbol font `operators' on input line 28.
LaTeX Font Info:    Overwriting symbol font `operators' in version `normal'
(Font)                  OT1/cmr/m/n --> OT1/ztmcm/m/n on input line 28.
LaTeX Font Info:    Overwriting symbol font `operators' in version `bold'
(Font)                  OT1/cmr/bx/n --> OT1/ztmcm/m/n on input line 28.
LaTeX Font Info:    Redeclaring symbol font `letters' on input line 29.
LaTeX Font Info:    Overwriting symbol font `letters' in version `normal'
(Font)                  OML/cmm/m/it --> OML/ztmcm/m/it on input line 29.
LaTeX Font Info:    Overwriting symbol font `letters' in version `bold'
(Font)                  OML/cmm/b/it --> OML/ztmcm/m/it on input line 29.
LaTeX Font Info:    Redeclaring symbol font `symbols' on input line 30.
LaTeX Font Info:    Overwriting symbol font `symbols' in version `normal'
(Font)                  OMS/cmsy/m/n --> OMS/ztmcm/m/n on input line 30.
LaTeX Font Info:    Overwriting symbol font `symbols' in version `bold'
(Font)                  OMS/cmsy/b/n --> OMS/ztmcm/m/n on input line 30.
LaTeX Font Info:    Redeclaring symbol font `largesymbols' on input line 31.
LaTeX Font Info:    Overwriting symbol font `largesymbols' in version `normal'
(Font)                  OMX/cmex/m/n --> OMX/ztmcm/m/n on input line 31.
LaTeX Font Info:    Overwriting symbol font `largesymbols' in version `bold'
(Font)                  OMX/cmex/m/n --> OMX/ztmcm/m/n on input line 31.
\symbold=\mathgroup4
\symitalic=\mathgroup5
LaTeX Font Info:    Redeclaring math alphabet \mathbf on input line 34.
LaTeX Font Info:    Overwriting math alphabet `\mathbf' in version `normal'
(Font)                  OT1/cmr/bx/n --> OT1/ptm/bx/n on input line 34.
LaTeX Font Info:    Overwriting math alphabet `\mathbf' in version `bold'
(Font)                  OT1/cmr/bx/n --> OT1/ptm/bx/n on input line 34.
LaTeX Font Info:    Redeclaring math alphabet \mathit on input line 35.
LaTeX Font Info:    Overwriting math alphabet `\mathit' in version `normal'
(Font)                  OT1/cmr/m/it --> OT1/ptm/m/it on input line 35.
LaTeX Font Info:    Overwriting math alphabet `\mathit' in version `bold'
(Font)                  OT1/cmr/bx/it --> OT1/ptm/m/it on input line 35.
LaTeX Info: Redefining \hbar on input line 50.
)
("C:\Program Files\MiKTeX 2.9\tex\latex\psnfss\helvet.sty"
Package: helvet 2005/04/12 PSNFSS-v9.2a (WaS) 
)
("C:\Program Files\MiKTeX 2.9\tex\latex\psnfss\courier.sty"
Package: courier 2005/04/12 PSNFSS-v9.2a (WaS) 
)
("C:\Program Files\MiKTeX 2.9\tex\latex\footmisc\footmisc.sty"
Package: footmisc 2011/06/06 v5.5b a miscellany of footnote facilities
\FN@temptoken=\toks18
\footnotemargin=\dimen117
\c@pp@next@reset=\count96


LaTeX Warning: Command \@footnotemark  has changed.
               Check if current package is valid.

Package footmisc Info: Declaring symbol style bringhurst on input line 855.
Package footmisc Info: Declaring symbol style chicago on input line 863.
Package footmisc Info: Declaring symbol style wiley on input line 872.
Package footmisc Info: Declaring symbol style lamport-robust on input line 883.

Package footmisc Info: Declaring symbol style lamport* on input line 903.
Package footmisc Info: Declaring symbol style lamport*-robust on input line 924
.
) ("C:\Program Files\MiKTeX 2.9\tex\latex\fix2col\fix2col.sty"
Package: fix2col 2015/11/13 v0.04 Output Routine fixes for two column mode (DPC
,FMi)


Package fix2col Warning: Obsolete package: ignored.

)) ("C:\Program Files\MiKTeX 2.9\tex\latex\graphics\graphicx.sty"
Package: graphicx 2014/10/28 v1.0g Enhanced LaTeX Graphics (DPC,SPQR)

("C:\Program Files\MiKTeX 2.9\tex\latex\graphics\graphics.sty"
Package: graphics 2017/04/14 v1.1b Standard LaTeX Graphics (DPC,SPQR)

("C:\Program Files\MiKTeX 2.9\tex\latex\graphics\trig.sty"
Package: trig 2016/01/03 v1.10 sin cos tan (DPC)
)
("C:\Program Files\MiKTeX 2.9\tex\latex\graphics-cfg\graphics.cfg"
File: graphics.cfg 2016/06/04 v1.11 sample graphics configuration
)
Package graphics Info: Driver file: pdftex.def on input line 99.
)
\Gin@req@height=\dimen118
\Gin@req@width=\dimen119
)

! LaTeX Error: Option clash for package color.

See the LaTeX manual or LaTeX Companion for explanation.
Type  H <return>  for immediate help.
 ...                                              
                                                  
l.55 \else
          
The package color has already been loaded with options:
  []
There has now been an attempt to load it with options
  [pdftex]
Adding the global options:
  ,pdftex
to your \documentclass declaration may fix this.
Try typing  <return>  to proceed.

("C:\Program Files\MiKTeX 2.9\tex\latex\amsfonts\amssymb.sty"
Package: amssymb 2013/01/14 v3.01 AMS font symbols

("C:\Program Files\MiKTeX 2.9\tex\latex\amsfonts\amsfonts.sty"
Package: amsfonts 2013/01/14 v3.01 Basic AMSFonts support
\@emptytoks=\toks19
\symAMSa=\mathgroup6
\symAMSb=\mathgroup7
LaTeX Font Info:    Overwriting math alphabet `\mathfrak' in version `bold'
(Font)                  U/euf/m/n --> U/euf/b/n on input line 106.
))
("C:\Program Files\MiKTeX 2.9\tex\latex\wasysym\wasysym.sty"
Package: wasysym 2003/10/30 v2.0 Wasy-2 symbol support package
\symwasy=\mathgroup8
LaTeX Font Info:    Overwriting symbol font `wasy' in version `bold'
(Font)                  U/wasy/m/n --> U/wasy/b/n on input line 90.
)
("C:\Program Files\MiKTeX 2.9\tex\latex\amsmath\amsmath.sty"
Package: amsmath 2016/11/05 v2.16a AMS math features
\@mathmargin=\skip62

For additional information on amsmath, use the `?' option.
("C:\Program Files\MiKTeX 2.9\tex\latex\amsmath\amstext.sty"
Package: amstext 2000/06/29 v2.01 AMS text

("C:\Program Files\MiKTeX 2.9\tex\latex\amsmath\amsgen.sty"
File: amsgen.sty 1999/11/30 v2.0 generic functions
\@emptytoks=\toks20
\ex@=\dimen120
))
("C:\Program Files\MiKTeX 2.9\tex\latex\amsmath\amsbsy.sty"
Package: amsbsy 1999/11/29 v1.2d Bold Symbols
\pmbraise@=\dimen121
)
("C:\Program Files\MiKTeX 2.9\tex\latex\amsmath\amsopn.sty"
Package: amsopn 2016/03/08 v2.02 operator names
)
\inf@bad=\count97
LaTeX Info: Redefining \frac on input line 213.
\uproot@=\count98
\leftroot@=\count99
LaTeX Info: Redefining \overline on input line 375.
\classnum@=\count100
\DOTSCASE@=\count101
LaTeX Info: Redefining \ldots on input line 472.
LaTeX Info: Redefining \dots on input line 475.
LaTeX Info: Redefining \cdots on input line 596.


! LaTeX Error: Command \iint already defined.
               Or name \end... illegal, see p.192 of the manual.

See the LaTeX manual or LaTeX Companion for explanation.
Type  H <return>  for immediate help.
 ...                                              
                                                  
l.635 ...d{\iint}{\DOTSI\protect\MultiIntegral{2}}
                                                  
Your command was ignored.
Type  I <command> <return>  to replace it with another command,
or  <return>  to continue without it.


! LaTeX Error: Command \iiint already defined.
               Or name \end... illegal, see p.192 of the manual.

See the LaTeX manual or LaTeX Companion for explanation.
Type  H <return>  for immediate help.
 ...                                              
                                                  
l.636 ...{\iiint}{\DOTSI\protect\MultiIntegral{3}}
                                                  
Your command was ignored.
Type  I <command> <return>  to replace it with another command,
or  <return>  to continue without it.

\Mathstrutbox@=\box34
\strutbox@=\box35
\big@size=\dimen122
LaTeX Font Info:    Redeclaring font encoding OML on input line 712.
LaTeX Font Info:    Redeclaring font encoding OMS on input line 713.
\macc@depth=\count102
\c@MaxMatrixCols=\count103
\dotsspace@=\muskip10
\c@parentequation=\count104
\dspbrk@lvl=\count105
\tag@help=\toks21
\row@=\count106
\column@=\count107
\maxfields@=\count108
\andhelp@=\toks22
\eqnshift@=\dimen123
\alignsep@=\dimen124
\tagshift@=\dimen125
\tagwidth@=\dimen126
\totwidth@=\dimen127
\lineht@=\dimen128
\@envbody=\toks23
\multlinegap=\skip63
\multlinetaggap=\skip64
\mathdisplay@stack=\toks24
LaTeX Info: Redefining \[ on input line 2817.
LaTeX Info: Redefining \] on input line 2818.
) ("C:\Program Files\MiKTeX 2.9\tex\latex\acronym\acronym.sty"
Package: acronym 2015/03/21 v1.41 Support for acronyms (Tobias Oetiker)

("C:\Program Files\MiKTeX 2.9\tex\latex\bigfoot\suffix.sty"
Package: suffix 2006/07/15 1.5a Variant command support
)
("C:\Program Files\MiKTeX 2.9\tex\latex\xstring\xstring.sty"
("C:\Program Files\MiKTeX 2.9\tex\generic\xstring\xstring.tex"
\@xs@message=\write3
\integerpart=\count109
\decimalpart=\count110
)
Package: xstring 2013/10/13  v1.7c  String manipulations (C Tellechea)
)
\AC@clearlist=\toks25
)
("C:\Program Files\MiKTeX 2.9\tex\latex\nopageno\nopageno.sty"
Package: nopageno 1989/01/01 no page numbers (DPC)
)
("C:\Program Files\MiKTeX 2.9\tex\latex\caption\subcaption.sty"
Package: subcaption 2016/05/22 v1.1-161 Sub-captions (AR)

("C:\Program Files\MiKTeX 2.9\tex\latex\caption\caption.sty"
Package: caption 2016/02/21 v3.3-144 Customizing captions (AR)

("C:\Program Files\MiKTeX 2.9\tex\latex\caption\caption3.sty"
Package: caption3 2016/05/22 v1.7-166 caption3 kernel (AR)
Package caption3 Info: TeX engine: e-TeX on input line 67.
\captionmargin=\dimen129
\captionmargin@=\dimen130
\captionwidth=\dimen131
\caption@tempdima=\dimen132
\caption@indent=\dimen133
\caption@parindent=\dimen134
\caption@hangindent=\dimen135
)
\c@ContinuedFloat=\count111
)
\c@subfigure=\count112
\c@subtable=\count113
)
("C:\Program Files\MiKTeX 2.9\tex\latex\url\url.sty"
\Urlmuskip=\muskip11
Package: url 2013/09/16  ver 3.4  Verb mode for urls, etc.
) (main.aux)
\openout1 = `main.aux'.

LaTeX Font Info:    Checking defaults for OML/cmm/m/it on input line 164.
LaTeX Font Info:    ... okay on input line 164.
LaTeX Font Info:    Checking defaults for T1/cmr/m/n on input line 164.
LaTeX Font Info:    ... okay on input line 164.
LaTeX Font Info:    Checking defaults for OT1/cmr/m/n on input line 164.
LaTeX Font Info:    ... okay on input line 164.
LaTeX Font Info:    Checking defaults for OMS/cmsy/m/n on input line 164.
LaTeX Font Info:    ... okay on input line 164.
LaTeX Font Info:    Checking defaults for OMX/cmex/m/n on input line 164.
LaTeX Font Info:    ... okay on input line 164.
LaTeX Font Info:    Checking defaults for U/cmr/m/n on input line 164.
LaTeX Font Info:    ... okay on input line 164.
LaTeX Font Info:    Try loading font information for T1+ptm on input line 164.

("C:\Program Files\MiKTeX 2.9\tex\latex\psnfss\t1ptm.fd"
File: t1ptm.fd 2001/06/04 font definitions for T1/ptm.
)
("C:\Program Files\MiKTeX 2.9\tex\context\base\supp-pdf.mkii"
[Loading MPS to PDF converter (version 2006.09.02).]
\scratchcounter=\count114
\scratchdimen=\dimen136
\scratchbox=\box36
\nofMPsegments=\count115
\nofMParguments=\count116
\everyMPshowfont=\toks26
\MPscratchCnt=\count117
\MPscratchDim=\dimen137
\MPnumerator=\count118
\makeMPintoPDFobject=\count119
\everyMPtoPDFconversion=\toks27
) ("C:\Program Files\MiKTeX 2.9\tex\generic\oberdiek\pdftexcmds.sty"
Package: pdftexcmds 2017/03/19 v0.25 Utility functions of pdfTeX for LuaTeX (HO
)

("C:\Program Files\MiKTeX 2.9\tex\generic\oberdiek\ifluatex.sty"
Package: ifluatex 2016/05/16 v1.4 Provides the ifluatex switch (HO)
Package ifluatex Info: LuaTeX not detected.
)
Package pdftexcmds Info: LuaTeX not detected.
Package pdftexcmds Info: \pdf@primitive is available.
Package pdftexcmds Info: \pdf@ifprimitive is available.
Package pdftexcmds Info: \pdfdraftmode found.
)
("C:\Program Files\MiKTeX 2.9\tex\latex\oberdiek\epstopdf-base.sty"
Package: epstopdf-base 2016/05/15 v2.6 Base part for package epstopdf

("C:\Program Files\MiKTeX 2.9\tex\latex\oberdiek\grfext.sty"
Package: grfext 2016/05/16 v1.2 Manage graphics extensions (HO)

("C:\Program Files\MiKTeX 2.9\tex\generic\oberdiek\kvdefinekeys.sty"
Package: kvdefinekeys 2016/05/16 v1.4 Define keys (HO)
))
("C:\Program Files\MiKTeX 2.9\tex\latex\oberdiek\kvoptions.sty"
Package: kvoptions 2016/05/16 v3.12 Key value format for package options (HO)

("C:\Program Files\MiKTeX 2.9\tex\generic\oberdiek\kvsetkeys.sty"
Package: kvsetkeys 2016/05/16 v1.17 Key value parser (HO)

("C:\Program Files\MiKTeX 2.9\tex\generic\oberdiek\etexcmds.sty"
Package: etexcmds 2016/05/16 v1.6 Avoid name clashes with e-TeX commands (HO)
Package etexcmds Info: Could not find \expanded.
(etexcmds)             That can mean that you are not using pdfTeX 1.50 or
(etexcmds)             that some package has redefined \expanded.
(etexcmds)             In the latter case, load this package earlier.
)))
Package epstopdf-base Info: Redefining graphics rule for `.eps' on input line 4
38.
Package grfext Info: Graphics extension search list:
(grfext)             [.png,.pdf,.jpg,.mps,.jpeg,.jbig2,.jb2,.PNG,.PDF,.JPG,.JPE
G,.JBIG2,.JB2,.eps]
(grfext)             \AppendGraphicsExtensions on input line 456.
)
*geometry* detected driver: pdftex
*geometry* verbose mode - [ preamble ] result:
* driver: pdftex
* paper: a4paper
* layout: <same size as paper>
* layoutoffset:(h,v)=(0.0pt,0.0pt)
* modes: twoside 
* h-part:(L,W,R)=(71.13188pt, 455.24411pt, 71.13188pt)
* v-part:(T,H,B)=(71.13188pt, 674.33032pt, 99.58464pt)
* \paperwidth=597.50787pt
* \paperheight=845.04684pt
* \textwidth=455.24411pt
* \textheight=674.33032pt
* \oddsidemargin=-1.1381pt
* \evensidemargin=-1.1381pt
* \topmargin=-1.1381pt
* \headheight=0.0pt
* \headsep=0.0pt
* \topskip=10.0pt
* \footskip=0.0pt
* \marginparwidth=48.0pt
* \marginparsep=10.0pt
* \columnsep=14.3045pt
* \skip\footins=14.5pt plus 4.0pt minus 2.0pt
* \hoffset=0.0pt
* \voffset=0.0pt
* \mag=1000
* \@twocolumntrue
* \@twosidetrue
* \@mparswitchtrue
* \@reversemarginfalse
* (1in=72.27pt=25.4mm, 1cm=28.453pt)

Package caption Info: Begin \AtBeginDocument code.
Package caption Info: End \AtBeginDocument code.
LaTeX Font Info:    Try loading font information for T1+phv on input line 177.
("C:\Program Files\MiKTeX 2.9\tex\latex\psnfss\t1phv.fd"
File: t1phv.fd 2001/06/04 scalable font definitions for T1/phv.
)
LaTeX Font Info:    Font shape `T1/phv/m/n' will be
(Font)              scaled to size 10.0pt on input line 177.
LaTeX Font Info:    Font shape `T1/phv/bx/n' in size <16> not available
(Font)              Font shape `T1/phv/b/n' tried instead on input line 177.
LaTeX Font Info:    Font shape `T1/phv/b/n' will be
(Font)              scaled to size 16.0pt on input line 177.
LaTeX Font Info:    Try loading font information for OT1+ztmcm on input line 17
7.

("C:\Program Files\MiKTeX 2.9\tex\latex\psnfss\ot1ztmcm.fd"
File: ot1ztmcm.fd 2000/01/03 Fontinst v1.801 font definitions for OT1/ztmcm.
)
LaTeX Font Info:    Try loading font information for OML+ztmcm on input line 17
7.

("C:\Program Files\MiKTeX 2.9\tex\latex\psnfss\omlztmcm.fd"
File: omlztmcm.fd 2000/01/03 Fontinst v1.801 font definitions for OML/ztmcm.
)
LaTeX Font Info:    Try loading font information for OMS+ztmcm on input line 17
7.

("C:\Program Files\MiKTeX 2.9\tex\latex\psnfss\omsztmcm.fd"
File: omsztmcm.fd 2000/01/03 Fontinst v1.801 font definitions for OMS/ztmcm.
)
LaTeX Font Info:    Try loading font information for OMX+ztmcm on input line 17
7.

("C:\Program Files\MiKTeX 2.9\tex\latex\psnfss\omxztmcm.fd"
File: omxztmcm.fd 2000/01/03 Fontinst v1.801 font definitions for OMX/ztmcm.
)
LaTeX Font Info:    Try loading font information for OT1+ptm on input line 177.


("C:\Program Files\MiKTeX 2.9\tex\latex\psnfss\ot1ptm.fd"
File: ot1ptm.fd 2001/06/04 font definitions for OT1/ptm.
)
LaTeX Font Info:    Font shape `OT1/ptm/bx/n' in size <10> not available
(Font)              Font shape `OT1/ptm/b/n' tried instead on input line 177.
LaTeX Font Info:    Font shape `OT1/ptm/bx/n' in size <7.4> not available
(Font)              Font shape `OT1/ptm/b/n' tried instead on input line 177.
LaTeX Font Info:    Font shape `OT1/ptm/bx/n' in size <6> not available
(Font)              Font shape `OT1/ptm/b/n' tried instead on input line 177.
LaTeX Font Info:    Try loading font information for U+wasy on input line 177.

("C:\Program Files\MiKTeX 2.9\tex\latex\wasysym\uwasy.fd"
File: uwasy.fd 2003/10/30 v2.0 Wasy-2 symbol font definitions
)
LaTeX Font Info:    Font shape `T1/ptm/bx/n' in size <12> not available
(Font)              Font shape `T1/ptm/b/n' tried instead on input line 177.

(sections/abstract.tex) (sections/content.tex
Package acronym Info: Label `acro:RE' newly defined as it shall be overridden
although it is yet undefined on input line 5.
Package acronym Info: Label `acro:CAD' newly defined as it shall be overridden
although it is yet undefined on input line 5.
Package acronym Info: Label `acro:CSG' newly defined as it shall be overridden
although it is yet undefined on input line 8.
Package acronym Info: Label `acro:GA' newly defined as it shall be overridden
although it is yet undefined on input line 18.

Underfull \hbox (badness 1231) in paragraph at lines 5--28
\T1/ptm/m/n/10 Reverse En-gi-neer-ing ([])[] -i.e., the re-cov-ery of a
 []


Underfull \hbox (badness 3668) in paragraph at lines 5--28
\T1/ptm/m/n/10 model's ge-o-met-ric rep-re-sen-ta-tion from po-ten-tially
 []


Underfull \hbox (badness 1281) in paragraph at lines 5--28
\T1/ptm/m/n/10 as-pect of mod-ern [][]Com-puter Aided De-sign ([])[]
 []


Underfull \hbox (badness 3724) in paragraph at lines 5--28
\T1/ptm/m/n/10 An ex-pres-sive and in-tu-itive model rep-re-sen-ta-tion
 []


Underfull \hbox (badness 2418) in paragraph at lines 5--28
\T1/ptm/m/n/10 solids by a bi-nary tree with reg-u-lar-ized boolean
 []


Underfull \hbox (badness 2310) in paragraph at lines 5--28
[][]\T1/ptm/m/n/10 -tree gen-er-a-tion might be solved with meth-
 []


Underfull \hbox (badness 4096) in paragraph at lines 5--28
\T1/ptm/m/n/10 ods based on al-go-rith-mic ge-om-e-try that usu-ally
 []


Underfull \hbox (badness 4072) in paragraph at lines 5--28
\T1/ptm/m/n/10 re-quire ex-act ge-o-met-ric in-ter-sec-tion com-pu-ta-tions
 []


Underfull \hbox (badness 2221) in paragraph at lines 5--28
\T1/ptm/m/n/10 To over-come this con-straint, [][]-tree gen-er-a-tion
 []


Underfull \hbox (badness 1205) in paragraph at lines 5--28
\T1/ptm/m/n/10 and set-operations for a fixed max-i-mum [][]-tree
 []


Underfull \hbox (badness 2961) in paragraph at lines 5--28
\T1/ptm/m/n/10 is to ex-ploit spa-tial re-la-tion-ships be-tween prim-i-
 []


Underfull \hbox (badness 1112) in paragraph at lines 5--28
\T1/ptm/m/n/10 tives: Prim-i-tives that do not over-lap spa-tially are
 []

LaTeX Font Info:    Try loading font information for OMS+ptm on input line 29.
("C:\Program Files\MiKTeX 2.9\tex\latex\psnfss\omsptm.fd"
File: omsptm.fd 
)
LaTeX Font Info:    Font shape `OMS/ptm/m/n' in size <10> not available
(Font)              Font shape `OMS/cmsy/m/n' tried instead on input line 29.
 [1{C:/ProgramData/MiKTeX/2.9/pdftex/config/pdftex.map}



]
LaTeX Font Info:    Font shape `T1/ptm/bx/n' in size <10> not available
(Font)              Font shape `T1/ptm/b/n' tried instead on input line 42.

Underfull \hbox (badness 1584) in paragraph at lines 42--47
\T1/ptm/m/n/10 clouds are gen-er-ated by laser scan-ners or tac-
 []


Underfull \hbox (badness 1264) in paragraph at lines 42--47
\T1/ptm/m/n/10 pho-togram-met-ric al-go-rithms to gather depth in-
 []


Underfull \hbox (badness 5050) in paragraph at lines 42--47
\T1/ptm/m/n/10 for-ma-tion from (un-)calibrated cam-era im-ages
 []


Underfull \hbox (badness 10000) in paragraph at lines 42--47

 []

Package acronym Info: Label `acro:RANSAC' newly defined as it shall be overridd
en
although it is yet undefined on input line 47.

Underfull \hbox (badness 10000) in paragraph at lines 47--49

 []


Underfull \hbox (badness 10000) in paragraph at lines 49--51

 []

<figures/Praesentation1.pdf, id=12, 411.81851pt x 161.38855pt>
File: figures/Praesentation1.pdf Graphic file (type pdf)

<use figures/Praesentation1.pdf>
Package pdftex.def Info: figures/Praesentation1.pdf used on input line 68.
(pdftex.def)             Requested size: 227.62206pt x 89.2023pt.

Overfull \hbox (7.15225pt too wide) in paragraph at lines 68--69
 [][] 
 []


Underfull \hbox (badness 1082) in paragraph at lines 74--75
\T1/ptm/m/n/10 The set-operations in-ter-sec-tion, union, com-ple-ment
 []


Underfull \hbox (badness 1383) in paragraph at lines 74--75
\T1/ptm/m/n/10 and sub-trac-tion are im-ple-mented us-ing $[] \OMS/ztmcm/m/n/10
  $ \T1/ptm/m/n/10 and
 []


Underfull \hbox (badness 10000) in paragraph at lines 83--88

 []


Underfull \hbox (badness 1127) in paragraph at lines 89--108
\T1/ptm/m/n/10 The prob-lem un-der con-sid-er-a-tion is re-lated to the
 []


Underfull \hbox (badness 1400) in paragraph at lines 89--108
\T1/ptm/m/n/10 space for lin-ear poly-gons, then later ex-tended by
 []


Underfull \hbox (badness 1803) in paragraph at lines 89--108
\T1/ptm/m/n/10 with in-put point-clouds that are po-ten-tially noisy,
 []

[2 <./figures/Praesentation1.pdf>]
Package acronym Info: Label `acro:PO' newly defined as it shall be overridden
although it is yet undefined on input line 139.
Package acronym Info: Label `acro:AABB' newly defined as it shall be overridden

although it is yet undefined on input line 143.
Package acronym Info: Label `acro:OBB' newly defined as it shall be overridden
although it is yet undefined on input line 143.
Package acronym Info: Label `acro:BKA' newly defined as it shall be overridden
although it is yet undefined on input line 154.

Underfull \hbox (badness 2726) in paragraph at lines 147--161
\T1/ptm/m/n/10 ex-per-i-men-tally [[]] that com-pu-ta-tion times of
 []


Underfull \hbox (badness 2065) in paragraph at lines 147--161
\T1/ptm/m/n/10 par-tic-u-lar [][]-graph, the search space par-ti-tion-ing
 []

<figures/right_part.pdf, id=60, 381.99901pt x 482.94714pt>
File: figures/right_part.pdf Graphic file (type pdf)

<use figures/right_part.pdf>
Package pdftex.def Info: figures/right_part.pdf used on input line 165.
(pdftex.def)             Requested size: 66.1416pt x 83.61797pt.

<figures/wrong_part.pdf, id=61, 380.85074pt x 485.815pt>
File: figures/wrong_part.pdf Graphic file (type pdf)

<use figures/wrong_part.pdf>
Package pdftex.def Info: figures/wrong_part.pdf used on input line 170.
(pdftex.def)             Requested size: 66.1416pt x 84.36655pt.

Underfull \hbox (badness 10000) in paragraph at lines 179--181
\T1/ptm/m/n/10 With known par-ti-tions, [][]-tree ex-trac-tion is
 []

[3 <./figures/right_part.pdf> <./figures/wrong_part.pdf

pdfTeX warning: pdflatex.exe (file ./figures/wrong_part.pdf): PDF inclusion: mu
ltiple pdfs with page group included in a single page
>]
Underfull \hbox (badness 1430) in paragraph at lines 197--202
\T1/ptm/m/n/10 can-di-dates ex-change ran-domly se-lected sub-trees
 []

LaTeX Font Info:    Try loading font information for T1+pcr on input line 255.
("C:\Program Files\MiKTeX 2.9\tex\latex\psnfss\t1pcr.fd"
File: t1pcr.fd 2001/06/04 font definitions for T1/pcr.
)
LaTeX Font Info:    Font shape `T1/ptm/bx/n' in size <7> not available
(Font)              Font shape `T1/ptm/b/n' tried instead on input line 256.

<figures/wm_0.pdf, id=82, 200.75pt x 200.75pt>
File: figures/wm_0.pdf Graphic file (type pdf)
 <use figures/wm_0.pdf>
Package pdftex.def Info: figures/wm_0.pdf used on input line 264.
(pdftex.def)             Requested size: 66.1416pt x 66.14354pt.

<figures/wm_1.pdf, id=83, 200.75pt x 200.75pt>
File: figures/wm_1.pdf Graphic file (type pdf)
 <use figures/wm_1.pdf>
Package pdftex.def Info: figures/wm_1.pdf used on input line 266.
(pdftex.def)             Requested size: 66.1416pt x 66.14354pt.

<figures/wm_2.pdf, id=84, 200.75pt x 200.75pt>
File: figures/wm_2.pdf Graphic file (type pdf)
 <use figures/wm_2.pdf>
Package pdftex.def Info: figures/wm_2.pdf used on input line 268.
(pdftex.def)             Requested size: 66.1416pt x 66.14354pt.

<figures/wm_3.pdf, id=85, 200.75pt x 200.75pt>
File: figures/wm_3.pdf Graphic file (type pdf)
 <use figures/wm_3.pdf>
Package pdftex.def Info: figures/wm_3.pdf used on input line 275.
(pdftex.def)             Requested size: 66.1416pt x 66.14354pt.

<figures/wm_4.pdf, id=86, 200.75pt x 200.75pt>
File: figures/wm_4.pdf Graphic file (type pdf)
 <use figures/wm_4.pdf>
Package pdftex.def Info: figures/wm_4.pdf used on input line 277.
(pdftex.def)             Requested size: 66.1416pt x 66.14354pt.

<figures/wm_5.pdf, id=87, 200.75pt x 200.75pt>
File: figures/wm_5.pdf Graphic file (type pdf)
 <use figures/wm_5.pdf>
Package pdftex.def Info: figures/wm_5.pdf used on input line 279.
(pdftex.def)             Requested size: 66.1416pt x 66.14354pt.

<figures/pipe_0.pdf, id=88, 200.75pt x 200.75pt>
File: figures/pipe_0.pdf Graphic file (type pdf)
 <use figures/pipe_0.pdf>
Package pdftex.def Info: figures/pipe_0.pdf used on input line 290.
(pdftex.def)             Requested size: 66.1416pt x 66.14354pt.

<figures/pipe_1.pdf, id=89, 200.75pt x 200.75pt>
File: figures/pipe_1.pdf Graphic file (type pdf)
 <use figures/pipe_1.pdf>
Package pdftex.def Info: figures/pipe_1.pdf used on input line 296.
(pdftex.def)             Requested size: 66.1416pt x 66.14354pt.

<figures/pipe_2.pdf, id=90, 200.75pt x 200.75pt>
File: figures/pipe_2.pdf Graphic file (type pdf)
 <use figures/pipe_2.pdf>
Package pdftex.def Info: figures/pipe_2.pdf used on input line 302.
(pdftex.def)             Requested size: 66.1416pt x 66.14354pt.

<figures/pipe_4.pdf, id=91, 441.65002pt x 200.75pt>
File: figures/pipe_4.pdf Graphic file (type pdf)
 <use figures/pipe_4.pdf>
Package pdftex.def Info: figures/pipe_4.pdf used on input line 308.
(pdftex.def)             Requested size: 139.63042pt x 63.46938pt.

<figures/pipe_3.pdf, id=92, 200.75pt x 200.75pt>
File: figures/pipe_3.pdf Graphic file (type pdf)
 <use figures/pipe_3.pdf>
Package pdftex.def Info: figures/pipe_3.pdf used on input line 314.
(pdftex.def)             Requested size: 66.1416pt x 66.14354pt.

Overfull \hbox (2.7995pt too wide) in paragraph at lines 335--348
 [][] 
 []

[4]

LaTeX Warning: `h' float specifier changed to `ht'.


Underfull \hbox (badness 3312) in paragraph at lines 387--416
\T1/ptm/m/n/10 search space par-ti-tion-ing vari-ant (SMTGA). This
 []


Underfull \hbox (badness 2680) in paragraph at lines 387--416
\T1/ptm/m/n/10 Search space par-ti-tion-ing with [][] par-al-leliza-tion
 []


Underfull \hbox (badness 1087) in paragraph at lines 387--416
\T1/ptm/m/n/10 sum-ma-rized time mea-sures for [][]-tree gen-er-a-tion,
 []


Underfull \hbox (badness 1092) in paragraph at lines 387--416
\T1/ptm/m/n/10 trees, while base-line ap-proaches in-crease tree size
 []

[5 <./figures/wm_0.pdf> <./figures/wm_1.pdf

pdfTeX warning: pdflatex.exe (file ./figures/wm_1.pdf): PDF inclusion: multiple
 pdfs with page group included in a single page
> <./figures/wm_2.pdf

pdfTeX warning: pdflatex.exe (file ./figures/wm_2.pdf): PDF inclusion: multiple
 pdfs with page group included in a single page
> <./figures/wm_3.pdf

pdfTeX warning: pdflatex.exe (file ./figures/wm_3.pdf): PDF inclusion: multiple
 pdfs with page group included in a single page
> <./figures/wm_4.pdf

pdfTeX warning: pdflatex.exe (file ./figures/wm_4.pdf): PDF inclusion: multiple
 pdfs with page group included in a single page
> <./figures/wm_5.pdf

pdfTeX warning: pdflatex.exe (file ./figures/wm_5.pdf): PDF inclusion: multiple
 pdfs with page group included in a single page
> <./figures/pipe_0.pdf

pdfTeX warning: pdflatex.exe (file ./figures/pipe_0.pdf): PDF inclusion: multip
le pdfs with page group included in a single page
> <./figures/pipe_1.pdf

pdfTeX warning: pdflatex.exe (file ./figures/pipe_1.pdf): PDF inclusion: multip
le pdfs with page group included in a single page
> <./figures/pipe_2.pdf

pdfTeX warning: pdflatex.exe (file ./figures/pipe_2.pdf): PDF inclusion: multip
le pdfs with page group included in a single page
> <./figures/pipe_4.pdf

pdfTeX warning: pdflatex.exe (file ./figures/pipe_4.pdf): PDF inclusion: multip
le pdfs with page group included in a single page
> <./figures/pipe_3.pdf

pdfTeX warning: pdflatex.exe (file ./figures/pipe_3.pdf): PDF inclusion: multip
le pdfs with page group included in a single page
>] <figures/g1.pdf, id=196, 406.68814pt x 253.23923pt>
File: figures/g1.pdf Graphic file (type pdf)
 <use figures/g1.pdf>
Package pdftex.def Info: figures/g1.pdf used on input line 423.
(pdftex.def)             Requested size: 227.62206pt x 141.73958pt.

Overfull \hbox (7.15225pt too wide) in paragraph at lines 423--424
 [][] 
 []

<figures/g3.pdf, id=197, 390.73793pt x 253.23923pt>
File: figures/g3.pdf Graphic file (type pdf)
 <use figures/g3.pdf>
Package pdftex.def Info: figures/g3.pdf used on input line 429.
(pdftex.def)             Requested size: 227.62206pt x 147.5203pt.

Overfull \hbox (7.15225pt too wide) in paragraph at lines 429--430
 [][] 
 []

<figures/g2.pdf, id=198, 373.81534pt x 252.95691pt>
File: figures/g2.pdf Graphic file (type pdf)
 <use figures/g2.pdf>
Package pdftex.def Info: figures/g2.pdf used on input line 436.
(pdftex.def)             Requested size: 227.62206pt x 154.02943pt.

Overfull \hbox (7.15225pt too wide) in paragraph at lines 436--437
 [][] 
 []


LaTeX Warning: Citation `weber2010sharp' on page 6 undefined on input line 447.


) (main.bbl

! Package inputenc Error: Keyboard character used is undefined
(inputenc)                in inputencoding `latin1'.

See the inputenc package documentation for explanation.
Type  H <return>  for immediate help.
 ...                                              
                                                  
l.15 É
       . Czabarka, P.L. Erdős, V.~Johnson, and V.~Moulton.
You need to provide a definition with \DeclareInputText 
or \DeclareInputMath before using this key.


! Package inputenc Error: Keyboard character used is undefined
(inputenc)                in inputencoding `latin1'.

See the inputenc package documentation for explanation.
Type  H <return>  for immediate help.
 ...                                              
                                                  
l.15 É. Czabarka, P.L. Erdő
                             s, V.~Johnson, and V.~Moulton.
You need to provide a definition with \DeclareInputText 
or \DeclareInputMath before using this key.


Underfull \hbox (badness 1259) in paragraph at lines 20--23
[]\T1/ptm/m/n/10 Philippe Fla-jo-let and An-drew M. 
 []

[6 <./figures/g1.pdf> <./figures/g3.pdf

pdfTeX warning: pdflatex.exe (file ./figures/g3.pdf): PDF inclusion: multiple p
dfs with page group included in a single page
> <./figures/g2.pdf

pdfTeX warning: pdflatex.exe (file ./figures/g2.pdf): PDF inclusion: multiple p
dfs with page group included in a single page
>]) [7] (main.aux)

LaTeX Warning: There were undefined references.

 ) 
Here is how much of TeX's memory you used:
 6608 strings out of 493323
 96303 string characters out of 3139054
 190471 words of memory out of 3000000
 9940 multiletter control sequences out of 15000+200000
 51565 words of font info for 83 fonts, out of 3000000 for 9000
 1141 hyphenation exceptions out of 8191
 42i,21n,40p,386b,528s stack positions out of 5000i,500n,10000p,200000b,50000s
{C:/Program Files/MiKTeX 2.9/fonts/enc/dvips/base/8r.enc}<C:/Program Files/Mi
KTeX 2.9/fonts/type1/public/amsfonts/cm/cmex10.pfb><C:/Program Files/MiKTeX 2.9
/fonts/type1/public/amsfonts/cm/cmmi10.pfb><C:/Program Files/MiKTeX 2.9/fonts/t
ype1/public/amsfonts/cm/cmr10.pfb><C:/Program Files/MiKTeX 2.9/fonts/type1/publ
ic/amsfonts/cm/cmsy10.pfb><C:/Program Files/MiKTeX 2.9/fonts/type1/public/amsfo
nts/symbols/msbm10.pfb><C:/Program Files/MiKTeX 2.9/fonts/type1/public/rsfs/rsf
s10.pfb><C:/Program Files/MiKTeX 2.9/fonts/type1/urw/courier/ucrr8a.pfb><C:/Pro
gram Files/MiKTeX 2.9/fonts/type1/urw/helvetic/uhvb8a.pfb><C:/Program Files/MiK
TeX 2.9/fonts/type1/urw/helvetic/uhvr8a.pfb><C:/Program Files/MiKTeX 2.9/fonts/
type1/urw/symbol/usyr.pfb><C:/Program Files/MiKTeX 2.9/fonts/type1/urw/symbol/u
syr.pfb><C:/Program Files/MiKTeX 2.9/fonts/type1/urw/times/utmb8a.pfb><C:/Progr
am Files/MiKTeX 2.9/fonts/type1/urw/times/utmr8a.pfb><C:/Program Files/MiKTeX 2
.9/fonts/type1/urw/times/utmri8a.pfb><C:/Program Files/MiKTeX 2.9/fonts/type1/p
ublic/wasy/wasy10.pfb>
Output written on main.pdf (7 pages, 308724 bytes).
PDF statistics:
 346 PDF objects out of 1000 (max. 8388607)
 0 named destinations out of 1000 (max. 500000)
 86 words of extra memory for PDF output out of 10000 (max. 10000000)

